#
# There is insufficient memory for the Java Runtime Environment to continue.
# Native memory allocation (malloc) failed to allocate 179306496 bytes for committing reserved memory.
# Possible reasons:
#   The system is out of physical RAM or swap space
#   In 32 bit mode, the process size limit was hit
# Possible solutions:
#   Reduce memory load on the system
#   Increase physical memory or swap space
#   Check if swap backing store is full
#   Use 64 bit Java on a 64 bit OS
#   Decrease Java heap size (-Xmx/-Xms)
#   Decrease number of Java threads
#   Decrease Java thread stack sizes (-Xss)
#   Set larger code cache with -XX:ReservedCodeCacheSize=
# This output file may be truncated or incomplete.
#
#  Out of Memory Error (os_linux.cpp:2827), pid=22801, tid=139859580520192
#
# JRE version: OpenJDK Runtime Environment (7.0_95) (build 1.7.0_95-b00)
# Java VM: OpenJDK 64-Bit Server VM (24.95-b01 mixed mode linux-amd64 compressed oops)
# Derivative: IcedTea 2.6.4
# Distribution: Ubuntu 14.04.3 LTS, package 7u95-2.6.4-0ubuntu0.14.04.1
# Failed to write core dump. Core dumps have been disabled. To enable core dumping, try "ulimit -c unlimited" before starting Java again
#

---------------  T H R E A D  ---------------

Current thread (0x00007f33a407e800):  VMThread [stack: 0x00007f33988d8000,0x00007f33989d9000] [id=22891]

Stack: [0x00007f33988d8000,0x00007f33989d9000],  sp=0x00007f33989d7490,  free space=1021k
Native frames: (J=compiled Java code, j=interpreted, Vv=VM code, C=native code)
V  [libjvm.so+0x9550e5]
V  [libjvm.so+0x4902b4]
V  [libjvm.so+0x7cf7bb]
V  [libjvm.so+0x7ca28f]
V  [libjvm.so+0x83e56b]
V  [libjvm.so+0x83f3e0]
V  [libjvm.so+0x83facb]
V  [libjvm.so+0x83b4d8]
V  [libjvm.so+0x83bd48]
V  [libjvm.so+0x7f1fd3]
V  [libjvm.so+0x956ae4]
V  [libjvm.so+0x95abe7]
V  [libjvm.so+0x9596a8]
V  [libjvm.so+0x959b09]
V  [libjvm.so+0x959f52]
V  [libjvm.so+0x7cc682]

VM_Operation (0x00007f339816d070): ParallelGCFailedAllocation, mode: safepoint, requested by thread 0x00007f33a419b800


---------------  P R O C E S S  ---------------

Java Threads: ( => current thread )
  0x00007f33a41a4800 JavaThread "pool-1-thread-4" [_thread_blocked, id=22997, stack(0x00007f3391c6b000,0x00007f3391d6c000)]
  0x00007f33a41a3000 JavaThread "pool-1-thread-3" [_thread_blocked, id=22996, stack(0x00007f3391d6c000,0x00007f3391e6d000)]
  0x00007f33a41a0800 JavaThread "pool-1-thread-2" [_thread_blocked, id=22994, stack(0x00007f3391e6d000,0x00007f3391f6e000)]
  0x00007f33a419d800 JavaThread "pool-2-thread-1" [_thread_blocked, id=22990, stack(0x00007f3391f6e000,0x00007f339206f000)]
  0x00007f33a419b800 JavaThread "pool-1-thread-1" [_thread_blocked, id=22989, stack(0x00007f339806e000,0x00007f339816f000)]
  0x00007f33a40ba800 JavaThread "Service Thread" daemon [_thread_blocked, id=22939, stack(0x00007f33982d2000,0x00007f33983d3000)]
  0x00007f33a40b8000 JavaThread "C2 CompilerThread1" daemon [_thread_in_native, id=22937, stack(0x00007f33983d3000,0x00007f33984d4000)]
  0x00007f33a40b5000 JavaThread "C2 CompilerThread0" daemon [_thread_blocked, id=22936, stack(0x00007f33984d4000,0x00007f33985d5000)]
  0x00007f33a40b3000 JavaThread "Signal Dispatcher" daemon [_thread_blocked, id=22935, stack(0x00007f33985d5000,0x00007f33986d6000)]
  0x00007f33a4085000 JavaThread "Finalizer" daemon [_thread_blocked, id=22896, stack(0x00007f33986d6000,0x00007f33987d7000)]
  0x00007f33a4083000 JavaThread "Reference Handler" daemon [_thread_blocked, id=22895, stack(0x00007f33987d7000,0x00007f33988d8000)]
  0x00007f33a400a800 JavaThread "main" [_thread_blocked, id=22817, stack(0x00007f33ac067000,0x00007f33ac168000)]

Other Threads:
=>0x00007f33a407e800 VMThread [stack: 0x00007f33988d8000,0x00007f33989d9000] [id=22891]
  0x00007f33a40c5000 WatcherThread [stack: 0x00007f33981d1000,0x00007f33982d2000] [id=22941]

VM state:at safepoint (normal execution)

VM Mutex/Monitor currently owned by a thread:  ([mutex/lock_event])
[0x00007f33a4006990] Threads_lock - owner thread: 0x00007f33a407e800
[0x00007f33a4006e90] Heap_lock - owner thread: 0x00007f33a419b800

Heap
 PSYoungGen      total 134144K, used 5118K [0x00000000eaa80000, 0x00000000f3280000, 0x0000000100000000)
  eden space 129024K, 0% used [0x00000000eaa80000,0x00000000eaa80000,0x00000000f2880000)
  from space 5120K, 99% used [0x00000000f2880000,0x00000000f2d7fb90,0x00000000f2d80000)
  to   space 5120K, 0% used [0x00000000f2d80000,0x00000000f2d80000,0x00000000f3280000)
 ParOldGen       total 84480K, used 53753K [0x00000000c0000000, 0x00000000c5280000, 0x00000000eaa80000)
  object space 84480K, 63% used [0x00000000c0000000,0x00000000c347e410,0x00000000c5280000)
 PSPermGen       total 21504K, used 6363K [0x00000000b5a00000, 0x00000000b6f00000, 0x00000000c0000000)
  object space 21504K, 29% used [0x00000000b5a00000,0x00000000b6036e30,0x00000000b6f00000)

Card table byte_map: [0x00007f33a8a57000,0x00007f33a8cab000] byte_map_base: 0x00007f33a84aa000

Polling page: 0x00007f33ac195000

Code Cache  [0x00007f33a1000000, 0x00007f33a1270000, 0x00007f33a4000000)
 total_blobs=677 nmethods=446 adapters=184 free_code_cache=47377Kb largest_free_block=48457024

Compilation events (10 events):
Event: 11,968 Thread 0x00007f33a40b5000 nmethod 471 0x00007f33a1108a10 code [0x00007f33a1108d80, 0x00007f33a110a1a8]
Event: 11,968 Thread 0x00007f33a40b5000  472             com.android.dx.ssa.SsaBasicBlock::isExitBlock (20 bytes)
Event: 11,968 Thread 0x00007f33a40b5000 nmethod 472 0x00007f33a1122e90 code [0x00007f33a1122fe0, 0x00007f33a1123058]
Event: 11,968 Thread 0x00007f33a40b5000  473             com.android.dx.ssa.SetFactory::makeDomFrontSet (26 bytes)
Event: 11,994 Thread 0x00007f33a40b5000 nmethod 473 0x00007f33a11baad0 code [0x00007f33a11bac20, 0x00007f33a11badb8]
Event: 11,994 Thread 0x00007f33a40b5000  474 %           com.android.dx.ssa.LocalVariableExtractor::processBlock @ 119 (383 bytes)
Event: 12,821 Thread 0x00007f33a40b5000 nmethod 474% 0x00007f33a11c30d0 code [0x00007f33a11c3520, 0x00007f33a11c5a48]
Event: 12,838 Thread 0x00007f33a40b5000  475             com.android.dx.util.FixedSizeList::shrinkToFit (103 bytes)
Event: 12,844 Thread 0x00007f33a40b5000 nmethod 475 0x00007f33a1108350 code [0x00007f33a11084a0, 0x00007f33a1108878]
Event: 12,844 Thread 0x00007f33a40b5000  476             com.android.dx.rop.code.LocalVariableExtractor::doit (49 bytes)

GC Heap History (9 events):
Event: 2,216 GC heap before
{Heap before GC invocations=1 (full 0):
 PSYoungGen      total 37376K, used 32256K [0x00000000eaa80000, 0x00000000ed400000, 0x0000000100000000)
  eden space 32256K, 100% used [0x00000000eaa80000,0x00000000eca00000,0x00000000eca00000)
  from space 5120K, 0% used [0x00000000ecf00000,0x00000000ecf00000,0x00000000ed400000)
  to   space 5120K, 0% used [0x00000000eca00000,0x00000000eca00000,0x00000000ecf00000)
 ParOldGen       total 84480K, used 0K [0x00000000c0000000, 0x00000000c5280000, 0x00000000eaa80000)
  object space 84480K, 0% used [0x00000000c0000000,0x00000000c0000000,0x00000000c5280000)
 PSPermGen       total 21504K, used 5998K [0x00000000b5a00000, 0x00000000b6f00000, 0x00000000c0000000)
  object space 21504K, 27% used [0x00000000b5a00000,0x00000000b5fdb8b8,0x00000000b6f00000)
Event: 2,275 GC heap after
Heap after GC invocations=1 (full 0):
 PSYoungGen      total 37376K, used 5116K [0x00000000eaa80000, 0x00000000ef380000, 0x0000000100000000)
  eden space 32256K, 0% used [0x00000000eaa80000,0x00000000eaa80000,0x00000000eca00000)
  from space 5120K, 99% used [0x00000000eca00000,0x00000000eceff388,0x00000000ecf00000)
  to   space 5120K, 0% used [0x00000000eee80000,0x00000000eee80000,0x00000000ef380000)
 ParOldGen       total 84480K, used 3248K [0x00000000c0000000, 0x00000000c5280000, 0x00000000eaa80000)
  object space 84480K, 3% used [0x00000000c0000000,0x00000000c032c038,0x00000000c5280000)
 PSPermGen       total 21504K, used 5998K [0x00000000b5a00000, 0x00000000b6f00000, 0x00000000c0000000)
  object space 21504K, 27% used [0x00000000b5a00000,0x00000000b5fdb8b8,0x00000000b6f00000)
}
Event: 3,694 GC heap before
{Heap before GC invocations=2 (full 0):
 PSYoungGen      total 37376K, used 37372K [0x00000000eaa80000, 0x00000000ef380000, 0x0000000100000000)
  eden space 32256K, 100% used [0x00000000eaa80000,0x00000000eca00000,0x00000000eca00000)
  from space 5120K, 99% used [0x00000000eca00000,0x00000000eceff388,0x00000000ecf00000)
  to   space 5120K, 0% used [0x00000000eee80000,0x00000000eee80000,0x00000000ef380000)
 ParOldGen       total 84480K, used 3248K [0x00000000c0000000, 0x00000000c5280000, 0x00000000eaa80000)
  object space 84480K, 3% used [0x00000000c0000000,0x00000000c032c038,0x00000000c5280000)
 PSPermGen       total 21504K, used 6173K [0x00000000b5a00000, 0x00000000b6f00000, 0x00000000c0000000)
  object space 21504K, 28% used [0x00000000b5a00000,0x00000000b6007550,0x00000000b6f00000)
Event: 3,770 GC heap after
Heap after GC invocations=2 (full 0):
 PSYoungGen      total 69632K, used 5102K [0x00000000eaa80000, 0x00000000ef380000, 0x0000000100000000)
  eden space 64512K, 0% used [0x00000000eaa80000,0x00000000eaa80000,0x00000000ee980000)
  from space 5120K, 99% used [0x00000000eee80000,0x00000000ef37ba58,0x00000000ef380000)
  to   space 5120K, 0% used [0x00000000ee980000,0x00000000ee980000,0x00000000eee80000)
 ParOldGen       total 84480K, used 9661K [0x00000000c0000000, 0x00000000c5280000, 0x00000000eaa80000)
  object space 84480K, 11% used [0x00000000c0000000,0x00000000c096f498,0x00000000c5280000)
 PSPermGen       total 21504K, used 6173K [0x00000000b5a00000, 0x00000000b6f00000, 0x00000000c0000000)
  object space 21504K, 28% used [0x00000000b5a00000,0x00000000b6007550,0x00000000b6f00000)
}
Event: 6,536 GC heap before
{Heap before GC invocations=3 (full 0):
 PSYoungGen      total 69632K, used 69614K [0x00000000eaa80000, 0x00000000ef380000, 0x0000000100000000)
  eden space 64512K, 100% used [0x00000000eaa80000,0x00000000ee980000,0x00000000ee980000)
  from space 5120K, 99% used [0x00000000eee80000,0x00000000ef37ba58,0x00000000ef380000)
  to   space 5120K, 0% used [0x00000000ee980000,0x00000000ee980000,0x00000000eee80000)
 ParOldGen       total 84480K, used 9661K [0x00000000c0000000, 0x00000000c5280000, 0x00000000eaa80000)
  object space 84480K, 11% used [0x00000000c0000000,0x00000000c096f498,0x00000000c5280000)
 PSPermGen       total 21504K, used 6248K [0x00000000b5a00000, 0x00000000b6f00000, 0x00000000c0000000)
  object space 21504K, 29% used [0x00000000b5a00000,0x00000000b601a3f0,0x00000000b6f00000)
Event: 6,712 GC heap after
Heap after GC invocations=3 (full 0):
 PSYoungGen      total 69632K, used 5108K [0x00000000eaa80000, 0x00000000f3280000, 0x0000000100000000)
  eden space 64512K, 0% used [0x00000000eaa80000,0x00000000eaa80000,0x00000000ee980000)
  from space 5120K, 99% used [0x00000000ee980000,0x00000000eee7d100,0x00000000eee80000)
  to   space 5120K, 0% used [0x00000000f2d80000,0x00000000f2d80000,0x00000000f3280000)
 ParOldGen       total 84480K, used 20215K [0x00000000c0000000, 0x00000000c5280000, 0x00000000eaa80000)
  object space 84480K, 23% used [0x00000000c0000000,0x00000000c13bddc0,0x00000000c5280000)
 PSPermGen       total 21504K, used 6248K [0x00000000b5a00000, 0x00000000b6f00000, 0x00000000c0000000)
  object space 21504K, 29% used [0x00000000b5a00000,0x00000000b601a3f0,0x00000000b6f00000)
}
Event: 8,908 GC heap before
{Heap before GC invocations=4 (full 0):
 PSYoungGen      total 69632K, used 69620K [0x00000000eaa80000, 0x00000000f3280000, 0x0000000100000000)
  eden space 64512K, 100% used [0x00000000eaa80000,0x00000000ee980000,0x00000000ee980000)
  from space 5120K, 99% used [0x00000000ee980000,0x00000000eee7d100,0x00000000eee80000)
  to   space 5120K, 0% used [0x00000000f2d80000,0x00000000f2d80000,0x00000000f3280000)
 ParOldGen       total 84480K, used 20215K [0x00000000c0000000, 0x00000000c5280000, 0x00000000eaa80000)
  object space 84480K, 23% used [0x00000000c0000000,0x00000000c13bddc0,0x00000000c5280000)
 PSPermGen       total 21504K, used 6287K [0x00000000b5a00000, 0x00000000b6f00000, 0x00000000c0000000)
  object space 21504K, 29% used [0x00000000b5a00000,0x00000000b6023cc8,0x00000000b6f00000)
Event: 8,979 GC heap after
Heap after GC invocations=4 (full 0):
 PSYoungGen      total 134144K, used 5093K [0x00000000eaa80000, 0x00000000f3280000, 0x0000000100000000)
  eden space 129024K, 0% used [0x00000000eaa80000,0x00000000eaa80000,0x00000000f2880000)
  from space 5120K, 99% used [0x00000000f2d80000,0x00000000f3279418,0x00000000f3280000)
  to   space 5120K, 0% used [0x00000000f2880000,0x00000000f2880000,0x00000000f2d80000)
 ParOldGen       total 84480K, used 30940K [0x00000000c0000000, 0x00000000c5280000, 0x00000000eaa80000)
  object space 84480K, 36% used [0x00000000c0000000,0x00000000c1e37300,0x00000000c5280000)
 PSPermGen       total 21504K, used 6287K [0x00000000b5a00000, 0x00000000b6f00000, 0x00000000c0000000)
  object space 21504K, 29% used [0x00000000b5a00000,0x00000000b6023cc8,0x00000000b6f00000)
}
Event: 12,940 GC heap before
{Heap before GC invocations=5 (full 0):
 PSYoungGen      total 134144K, used 134117K [0x00000000eaa80000, 0x00000000f3280000, 0x0000000100000000)
  eden space 129024K, 100% used [0x00000000eaa80000,0x00000000f2880000,0x00000000f2880000)
  from space 5120K, 99% used [0x00000000f2d80000,0x00000000f3279418,0x00000000f3280000)
  to   space 5120K, 0% used [0x00000000f2880000,0x00000000f2880000,0x00000000f2d80000)
 ParOldGen       total 84480K, used 30940K [0x00000000c0000000, 0x00000000c5280000, 0x00000000eaa80000)
  object space 84480K, 36% used [0x00000000c0000000,0x00000000c1e37300,0x00000000c5280000)
 PSPermGen       total 21504K, used 6363K [0x00000000b5a00000, 0x00000000b6f00000, 0x00000000c0000000)
  object space 21504K, 29% used [0x00000000b5a00000,0x00000000b6036e30,0x00000000b6f00000)

Deoptimization events (10 events):
Event: 8,615 Thread 0x00007f33a400a800 Uncommon trap: reason=unstable_if action=reinterpret pc=0x00007f33a1095230 method=com.android.dx.ssa.back.IdenticalBlockCombiner.process()Lcom/android/dx/rop/code/RopMethod; @ 207
Event: 8,615 Thread 0x00007f33a400a800 Uncommon trap: reason=unstable_if action=reinterpret pc=0x00007f33a1135c98 method=com.android.dx.util.LabeledList.set(ILcom/android/dx/util/LabeledItem;)V @ 16
Event: 8,615 Thread 0x00007f33a400a800 Uncommon trap: reason=unstable_if action=reinterpret pc=0x00007f33a10f15ec method=com.android.dx.util.LabeledList.set(ILcom/android/dx/util/LabeledItem;)V @ 16
Event: 8,616 Thread 0x00007f33a400a800 Uncommon trap: reason=unstable_if action=reinterpret pc=0x00007f33a113d864 method=com.android.dx.rop.code.BasicBlockList.preferredSuccessorOf(Lcom/android/dx/rop/code/BasicBlock;)Lcom/android/dx/rop/code/BasicBlock; @ 58
Event: 9,421 Thread 0x00007f33a41a3000 Uncommon trap: reason=unstable_if action=reinterpret pc=0x00007f33a1167458 method=com.android.dx.dex.file.ValueEncoder.addContents(Lcom/android/dx/dex/file/DexFile;Lcom/android/dx/rop/cst/Constant;)V @ 4
Event: 10,868 Thread 0x00007f33a400a800 Uncommon trap: reason=unstable_if action=reinterpret pc=0x00007f33a11760a0 method=com.android.dx.cf.code.BytecodeArray.parseInstruction(ILcom/android/dx/cf/code/BytecodeArray$Visitor;)I @ 1198
Event: 10,927 Thread 0x00007f33a400a800 Uncommon trap: reason=class_check action=maybe_recompile pc=0x00007f33a1136a7c method=java.util.HashMap.put(Ljava/lang/Object;Ljava/lang/Object;)Ljava/lang/Object; @ 83
Event: 10,927 Thread 0x00007f33a400a800 Uncommon trap: reason=class_check action=maybe_recompile pc=0x00007f33a1136a7c method=java.util.HashMap.put(Ljava/lang/Object;Ljava/lang/Object;)Ljava/lang/Object; @ 83
Event: 11,056 Thread 0x00007f33a419b800 Uncommon trap: reason=class_check action=maybe_recompile pc=0x00007f33a1136a7c method=java.util.HashMap.put(Ljava/lang/Object;Ljava/lang/Object;)Ljava/lang/Object; @ 83
Event: 11,056 Thread 0x00007f33a419b800 Uncommon trap: reason=class_check action=maybe_recompile pc=0x00007f33a1136a7c method=java.util.HashMap.put(Ljava/lang/Object;Ljava/lang/Object;)Ljava/lang/Object; @ 83

Internal exceptions (10 events):
Event: 0,961 Thread 0x00007f33a41a0800 Threw 0x00000000ebb07be0 at /build/openjdk-7-2FOwCu/openjdk-7-7u95-2.6.4/build/openjdk/hotspot/src/share/vm/prims/jvm.cpp:1322
Event: 1,259 Thread 0x00007f33a41a3000 Implicit null exception at 0x00007f33a1081a54 to 0x00007f33a1081c19
Event: 1,888 Thread 0x00007f33a41a4800 Implicit null exception at 0x00007f33a10930ca to 0x00007f33a109461d
Event: 1,888 Thread 0x00007f33a41a4800 Implicit null exception at 0x00007f33a109ef67 to 0x00007f33a10a046d
Event: 2,291 Thread 0x00007f33a400a800 Threw 0x00000000eaa87c28 at /build/openjdk-7-2FOwCu/openjdk-7-7u95-2.6.4/build/openjdk/hotspot/src/share/vm/prims/jvm.cpp:1322
Event: 2,455 Thread 0x00007f33a400a800 Threw 0x00000000eadce8a8 at /build/openjdk-7-2FOwCu/openjdk-7-7u95-2.6.4/build/openjdk/hotspot/src/share/vm/prims/jvm.cpp:1322
Event: 2,947 Thread 0x00007f33a400a800 Threw 0x00000000eb7370e8 at /build/openjdk-7-2FOwCu/openjdk-7-7u95-2.6.4/build/openjdk/hotspot/src/share/vm/prims/jvm.cpp:1322
Event: 4,817 Thread 0x00007f33a400a800 Threw 0x00000000ec01e580 at /build/openjdk-7-2FOwCu/openjdk-7-7u95-2.6.4/build/openjdk/hotspot/src/share/vm/prims/jvm.cpp:1322
Event: 8,339 Thread 0x00007f33a41a3000 Threw 0x00000000ed95ecb8 at /build/openjdk-7-2FOwCu/openjdk-7-7u95-2.6.4/build/openjdk/hotspot/src/share/vm/prims/jvm.cpp:1322
Event: 9,394 Thread 0x00007f33a400a800 Threw 0x00000000eb5ece58 at /build/openjdk-7-2FOwCu/openjdk-7-7u95-2.6.4/build/openjdk/hotspot/src/share/vm/prims/jvm.cpp:1322

Events (10 events):
Event: 11,129 Thread 0x00007f33a40b8000 flushing nmethod 0x00007f33a10d2fd0
Event: 11,270 Thread 0x00007f33a40b8000 flushing nmethod 0x00007f33a10f20d0
Event: 11,271 Thread 0x00007f33a40b8000 flushing nmethod 0x00007f33a1105610
Event: 11,271 Thread 0x00007f33a40b8000 flushing nmethod 0x00007f33a110ed90
Event: 11,314 Thread 0x00007f33a40b8000 flushing nmethod 0x00007f33a1137750
Event: 12,687 loading class 0x00007f33a805f2e0
Event: 12,688 loading class 0x00007f33a805f2e0 done
Event: 12,688 loading class 0x00007f33a805f250
Event: 12,688 loading class 0x00007f33a805f250 done
Event: 12,908 Executing VM operation: ParallelGCFailedAllocation


Dynamic libraries:
00400000-00401000 r-xp 00000000 08:05 5508197                            /usr/lib/jvm/java-7-openjdk-amd64/jre/bin/java
00600000-00601000 r--p 00000000 08:05 5508197                            /usr/lib/jvm/java-7-openjdk-amd64/jre/bin/java
00601000-00602000 rw-p 00001000 08:05 5508197                            /usr/lib/jvm/java-7-openjdk-amd64/jre/bin/java
01612000-01633000 rw-p 00000000 00:00 0                                  [heap]
b5a00000-b6f00000 rw-p 00000000 00:00 0 
b6f00000-c0000000 rw-p 00000000 00:00 0 
c0000000-c5280000 rw-p 00000000 00:00 0 
c5280000-eaa80000 rw-p 00000000 00:00 0 
eaa80000-f3280000 rw-p 00000000 00:00 0 
fdd80000-100000000 rw-p 00000000 00:00 0 
7f333c000000-7f333c021000 rw-p 00000000 00:00 0 
7f333c021000-7f3340000000 ---p 00000000 00:00 0 
7f3340000000-7f3340021000 rw-p 00000000 00:00 0 
7f3340021000-7f3344000000 ---p 00000000 00:00 0 
7f3344000000-7f3344021000 rw-p 00000000 00:00 0 
7f3344021000-7f3348000000 ---p 00000000 00:00 0 
7f3348000000-7f334802a000 rw-p 00000000 00:00 0 
7f334802a000-7f334c000000 ---p 00000000 00:00 0 
7f334c000000-7f334c021000 rw-p 00000000 00:00 0 
7f334c021000-7f3350000000 ---p 00000000 00:00 0 
7f3350000000-7f3350033000 rw-p 00000000 00:00 0 
7f3350033000-7f3354000000 ---p 00000000 00:00 0 
7f3354000000-7f3354021000 rw-p 00000000 00:00 0 
7f3354021000-7f3358000000 ---p 00000000 00:00 0 
7f3358000000-7f3358021000 rw-p 00000000 00:00 0 
7f3358021000-7f335c000000 ---p 00000000 00:00 0 
7f335c000000-7f335cc62000 rw-p 00000000 00:00 0 
7f335cc62000-7f3360000000 ---p 00000000 00:00 0 
7f3360000000-7f3360eec000 rw-p 00000000 00:00 0 
7f3360eec000-7f3364000000 ---p 00000000 00:00 0 
7f3364000000-7f3364021000 rw-p 00000000 00:00 0 
7f3364021000-7f3368000000 ---p 00000000 00:00 0 
7f3368000000-7f3368021000 rw-p 00000000 00:00 0 
7f3368021000-7f336c000000 ---p 00000000 00:00 0 
7f336c000000-7f336c021000 rw-p 00000000 00:00 0 
7f336c021000-7f3370000000 ---p 00000000 00:00 0 
7f3370000000-7f3370021000 rw-p 00000000 00:00 0 
7f3370021000-7f3374000000 ---p 00000000 00:00 0 
7f3374000000-7f3374021000 rw-p 00000000 00:00 0 
7f3374021000-7f3378000000 ---p 00000000 00:00 0 
7f3378000000-7f3378021000 rw-p 00000000 00:00 0 
7f3378021000-7f337c000000 ---p 00000000 00:00 0 
7f337c000000-7f337c021000 rw-p 00000000 00:00 0 
7f337c021000-7f3380000000 ---p 00000000 00:00 0 
7f3384000000-7f3384021000 rw-p 00000000 00:00 0 
7f3384021000-7f3388000000 ---p 00000000 00:00 0 
7f338c000000-7f338c021000 rw-p 00000000 00:00 0 
7f338c021000-7f3390000000 ---p 00000000 00:00 0 
7f3391c6b000-7f3391c6e000 ---p 00000000 00:00 0 
7f3391c6e000-7f3391d6c000 rw-p 00000000 00:00 0                          [stack:22997]
7f3391d6c000-7f3391d6f000 ---p 00000000 00:00 0 
7f3391d6f000-7f3391e6d000 rw-p 00000000 00:00 0                          [stack:22996]
7f3391e6d000-7f3391e70000 ---p 00000000 00:00 0 
7f3391e70000-7f3391f6e000 rw-p 00000000 00:00 0                          [stack:22994]
7f3391f6e000-7f3391f71000 ---p 00000000 00:00 0 
7f3391f71000-7f339206f000 rw-p 00000000 00:00 0                          [stack:22990]
7f339206f000-7f33920ac000 r-xp 00000000 08:05 1048740                    /lib/x86_64-linux-gnu/libpcre.so.3.13.1
7f33920ac000-7f33922ab000 ---p 0003d000 08:05 1048740                    /lib/x86_64-linux-gnu/libpcre.so.3.13.1
7f33922ab000-7f33922ac000 r--p 0003c000 08:05 1048740                    /lib/x86_64-linux-gnu/libpcre.so.3.13.1
7f33922ac000-7f33922ad000 rw-p 0003d000 08:05 1048740                    /lib/x86_64-linux-gnu/libpcre.so.3.13.1
7f33922ad000-7f33922b4000 r-xp 00000000 08:05 5514858                    /usr/lib/x86_64-linux-gnu/libffi.so.6.0.1
7f33922b4000-7f33924b3000 ---p 00007000 08:05 5514858                    /usr/lib/x86_64-linux-gnu/libffi.so.6.0.1
7f33924b3000-7f33924b4000 r--p 00006000 08:05 5514858                    /usr/lib/x86_64-linux-gnu/libffi.so.6.0.1
7f33924b4000-7f33924b5000 rw-p 00007000 08:05 5514858                    /usr/lib/x86_64-linux-gnu/libffi.so.6.0.1
7f33924b5000-7f33924cc000 r-xp 00000000 08:05 1048897                    /lib/x86_64-linux-gnu/libresolv-2.19.so
7f33924cc000-7f33926cc000 ---p 00017000 08:05 1048897                    /lib/x86_64-linux-gnu/libresolv-2.19.so
7f33926cc000-7f33926cd000 r--p 00017000 08:05 1048897                    /lib/x86_64-linux-gnu/libresolv-2.19.so
7f33926cd000-7f33926ce000 rw-p 00018000 08:05 1048897                    /lib/x86_64-linux-gnu/libresolv-2.19.so
7f33926ce000-7f33926d0000 rw-p 00000000 00:00 0 
7f33926d0000-7f33926f0000 r-xp 00000000 08:05 1052769                    /lib/x86_64-linux-gnu/libselinux.so.1
7f33926f0000-7f33928ef000 ---p 00020000 08:05 1052769                    /lib/x86_64-linux-gnu/libselinux.so.1
7f33928ef000-7f33928f0000 r--p 0001f000 08:05 1052769                    /lib/x86_64-linux-gnu/libselinux.so.1
7f33928f0000-7f33928f1000 rw-p 00020000 08:05 1052769                    /lib/x86_64-linux-gnu/libselinux.so.1
7f33928f1000-7f33928f3000 rw-p 00000000 00:00 0 
7f33928f3000-7f33928f6000 r-xp 00000000 08:05 5513573                    /usr/lib/x86_64-linux-gnu/libgmodule-2.0.so.0.4002.0
7f33928f6000-7f3392af5000 ---p 00003000 08:05 5513573                    /usr/lib/x86_64-linux-gnu/libgmodule-2.0.so.0.4002.0
7f3392af5000-7f3392af6000 r--p 00002000 08:05 5513573                    /usr/lib/x86_64-linux-gnu/libgmodule-2.0.so.0.4002.0
7f3392af6000-7f3392af7000 rw-p 00003000 08:05 5513573                    /usr/lib/x86_64-linux-gnu/libgmodule-2.0.so.0.4002.0
7f3392af7000-7f3392bfd000 r-xp 00000000 08:05 1052670                    /lib/x86_64-linux-gnu/libglib-2.0.so.0.4002.0
7f3392bfd000-7f3392dfc000 ---p 00106000 08:05 1052670                    /lib/x86_64-linux-gnu/libglib-2.0.so.0.4002.0
7f3392dfc000-7f3392dfd000 r--p 00105000 08:05 1052670                    /lib/x86_64-linux-gnu/libglib-2.0.so.0.4002.0
7f3392dfd000-7f3392dfe000 rw-p 00106000 08:05 1052670                    /lib/x86_64-linux-gnu/libglib-2.0.so.0.4002.0
7f3392dfe000-7f3392dff000 rw-p 00000000 00:00 0 
7f3392dff000-7f3392e4e000 r-xp 00000000 08:05 5513589                    /usr/lib/x86_64-linux-gnu/libgobject-2.0.so.0.4002.0
7f3392e4e000-7f339304e000 ---p 0004f000 08:05 5513589                    /usr/lib/x86_64-linux-gnu/libgobject-2.0.so.0.4002.0
7f339304e000-7f339304f000 r--p 0004f000 08:05 5513589                    /usr/lib/x86_64-linux-gnu/libgobject-2.0.so.0.4002.0
7f339304f000-7f3393050000 rw-p 00050000 08:05 5513589                    /usr/lib/x86_64-linux-gnu/libgobject-2.0.so.0.4002.0
7f3393050000-7f33931bc000 r-xp 00000000 08:05 5513561                    /usr/lib/x86_64-linux-gnu/libgio-2.0.so.0.4002.0
7f33931bc000-7f33933bb000 ---p 0016c000 08:05 5513561                    /usr/lib/x86_64-linux-gnu/libgio-2.0.so.0.4002.0
7f33933bb000-7f33933bf000 r--p 0016b000 08:05 5513561                    /usr/lib/x86_64-linux-gnu/libgio-2.0.so.0.4002.0
7f33933bf000-7f33933c1000 rw-p 0016f000 08:05 5513561                    /usr/lib/x86_64-linux-gnu/libgio-2.0.so.0.4002.0
7f33933c1000-7f33933c3000 rw-p 00000000 00:00 0 
7f33933c3000-7f33933da000 r-xp 00000000 08:05 5551207                    /usr/lib/jvm/java-7-openjdk-amd64/jre/lib/amd64/libnet.so
7f33933da000-7f33935d9000 ---p 00017000 08:05 5551207                    /usr/lib/jvm/java-7-openjdk-amd64/jre/lib/amd64/libnet.so
7f33935d9000-7f33935da000 r--p 00016000 08:05 5551207                    /usr/lib/jvm/java-7-openjdk-amd64/jre/lib/amd64/libnet.so
7f33935da000-7f33935db000 rw-p 00017000 08:05 5551207                    /usr/lib/jvm/java-7-openjdk-amd64/jre/lib/amd64/libnet.so
7f33935db000-7f33935eb000 r-xp 00000000 08:05 5551189                    /usr/lib/jvm/java-7-openjdk-amd64/jre/lib/amd64/libnio.so
7f33935eb000-7f33937eb000 ---p 00010000 08:05 5551189                    /usr/lib/jvm/java-7-openjdk-amd64/jre/lib/amd64/libnio.so
7f33937eb000-7f33937ec000 r--p 00010000 08:05 5551189                    /usr/lib/jvm/java-7-openjdk-amd64/jre/lib/amd64/libnio.so
7f33937ec000-7f33937ed000 rw-p 00011000 08:05 5551189                    /usr/lib/jvm/java-7-openjdk-amd64/jre/lib/amd64/libnio.so
7f33937ed000-7f3394000000 r--p 00000000 08:05 5512149                    /usr/lib/locale/locale-archive
7f3394000000-7f3394021000 rw-p 00000000 00:00 0 
7f3394021000-7f3398000000 ---p 00000000 00:00 0 
7f339806e000-7f3398071000 ---p 00000000 00:00 0 
7f3398071000-7f33981a0000 rw-p 00000000 00:00 0                          [stack:22989]
7f33981d1000-7f33981d2000 ---p 00000000 00:00 0 
7f33981d2000-7f33982d2000 rw-p 00000000 00:00 0                          [stack:22941]
7f33982d2000-7f33982d5000 ---p 00000000 00:00 0 
7f33982d5000-7f33983d3000 rw-p 00000000 00:00 0                          [stack:22939]
7f33983d3000-7f33983d6000 ---p 00000000 00:00 0 
7f33983d6000-7f33984d4000 rw-p 00000000 00:00 0                          [stack:22937]
7f33984d4000-7f33984d7000 ---p 00000000 00:00 0 
7f33984d7000-7f33985d5000 rw-p 00000000 00:00 0                          [stack:22936]
7f33985d5000-7f33985d8000 ---p 00000000 00:00 0 
7f33985d8000-7f33986d6000 rw-p 00000000 00:00 0                          [stack:22935]
7f33986d6000-7f33986d9000 ---p 00000000 00:00 0 
7f33986d9000-7f33987d7000 rw-p 00000000 00:00 0                          [stack:22896]
7f33987d7000-7f33987da000 ---p 00000000 00:00 0 
7f33987da000-7f33988d8000 rw-p 00000000 00:00 0                          [stack:22895]
7f33988d8000-7f33988d9000 ---p 00000000 00:00 0 
7f33988d9000-7f339c000000 rw-p 00000000 00:00 0                          [stack:22891]
7f339c000000-7f339c021000 rw-p 00000000 00:00 0 
7f339c021000-7f33a0000000 ---p 00000000 00:00 0 
7f33a0001000-7f33a0010000 r--s 000df000 00:26 1898480                    /home/remiq/Android/Sdk/build-tools/23.0.2/lib/dx.jar
7f33a0010000-7f33a0b85000 rw-p 00000000 00:00 0 
7f33a0b85000-7f33a0d37000 r--s 01d2f000 08:05 5551173                    /usr/lib/jvm/java-7-openjdk-amd64/jre/lib/rt.jar
7f33a0d37000-7f33a1000000 rw-p 00000000 00:00 0 
7f33a1000000-7f33a1270000 rwxp 00000000 00:00 0 
7f33a1270000-7f33a41e1000 rw-p 00000000 00:00 0 
7f33a41e1000-7f33a8000000 ---p 00000000 00:00 0 
7f33a8002000-7f33a80a6000 rw-p 00000000 00:00 0 
7f33a80a6000-7f33a80a7000 ---p 00000000 00:00 0 
7f33a80a7000-7f33a81a7000 rw-p 00000000 00:00 0                          [stack:22862]
7f33a81a7000-7f33a81a8000 ---p 00000000 00:00 0 
7f33a81a8000-7f33a82a8000 rw-p 00000000 00:00 0                          [stack:22861]
7f33a82a8000-7f33a82a9000 ---p 00000000 00:00 0 
7f33a82a9000-7f33a83a9000 rw-p 00000000 00:00 0                          [stack:22860]
7f33a83a9000-7f33a83aa000 ---p 00000000 00:00 0 
7f33a83aa000-7f33a84aa000 rw-p 00000000 00:00 0                          [stack:22859]
7f33a84aa000-7f33a84ab000 ---p 00000000 00:00 0 
7f33a84ab000-7f33a85ab000 rw-p 00000000 00:00 0                          [stack:22858]
7f33a85ab000-7f33a85ac000 ---p 00000000 00:00 0 
7f33a85ac000-7f33a86ac000 rw-p 00000000 00:00 0                          [stack:22840]
7f33a86ac000-7f33a86ad000 ---p 00000000 00:00 0 
7f33a86ad000-7f33a87ad000 rw-p 00000000 00:00 0                          [stack:22839]
7f33a87ad000-7f33a87ae000 ---p 00000000 00:00 0 
7f33a87ae000-7f33a88b9000 rw-p 00000000 00:00 0                          [stack:22822]
7f33a88b9000-7f33a8901000 rw-p 00000000 00:00 0 
7f33a8901000-7f33a892b000 rw-p 00000000 00:00 0 
7f33a892b000-7f33a8a57000 rw-p 00000000 00:00 0 
7f33a8a57000-7f33a8a62000 rw-p 00000000 00:00 0 
7f33a8a62000-7f33a8aaa000 rw-p 00000000 00:00 0 
7f33a8aaa000-7f33a8ad4000 rw-p 00000000 00:00 0 
7f33a8ad4000-7f33a8bff000 rw-p 00000000 00:00 0 
7f33a8bff000-7f33a8c44000 rw-p 00000000 00:00 0 
7f33a8c44000-7f33a8caa000 rw-p 00000000 00:00 0 
7f33a8caa000-7f33a8cab000 rw-p 00000000 00:00 0 
7f33a8cab000-7f33a8cb3000 r-xp 00000000 08:05 5551182                    /usr/lib/jvm/java-7-openjdk-amd64/jre/lib/amd64/libzip.so
7f33a8cb3000-7f33a8eb2000 ---p 00008000 08:05 5551182                    /usr/lib/jvm/java-7-openjdk-amd64/jre/lib/amd64/libzip.so
7f33a8eb2000-7f33a8eb3000 r--p 00007000 08:05 5551182                    /usr/lib/jvm/java-7-openjdk-amd64/jre/lib/amd64/libzip.so
7f33a8eb3000-7f33a8eb4000 rw-p 00008000 08:05 5551182                    /usr/lib/jvm/java-7-openjdk-amd64/jre/lib/amd64/libzip.so
7f33a8eb4000-7f33a8ebf000 r-xp 00000000 08:05 1049592                    /lib/x86_64-linux-gnu/libnss_files-2.19.so
7f33a8ebf000-7f33a90be000 ---p 0000b000 08:05 1049592                    /lib/x86_64-linux-gnu/libnss_files-2.19.so
7f33a90be000-7f33a90bf000 r--p 0000a000 08:05 1049592                    /lib/x86_64-linux-gnu/libnss_files-2.19.so
7f33a90bf000-7f33a90c0000 rw-p 0000b000 08:05 1049592                    /lib/x86_64-linux-gnu/libnss_files-2.19.so
7f33a90c0000-7f33a90cb000 r-xp 00000000 08:05 1049584                    /lib/x86_64-linux-gnu/libnss_nis-2.19.so
7f33a90cb000-7f33a92ca000 ---p 0000b000 08:05 1049584                    /lib/x86_64-linux-gnu/libnss_nis-2.19.so
7f33a92ca000-7f33a92cb000 r--p 0000a000 08:05 1049584                    /lib/x86_64-linux-gnu/libnss_nis-2.19.so
7f33a92cb000-7f33a92cc000 rw-p 0000b000 08:05 1049584                    /lib/x86_64-linux-gnu/libnss_nis-2.19.so
7f33a92cc000-7f33a92e3000 r-xp 00000000 08:05 1049580                    /lib/x86_64-linux-gnu/libnsl-2.19.so
7f33a92e3000-7f33a94e2000 ---p 00017000 08:05 1049580                    /lib/x86_64-linux-gnu/libnsl-2.19.so
7f33a94e2000-7f33a94e3000 r--p 00016000 08:05 1049580                    /lib/x86_64-linux-gnu/libnsl-2.19.so
7f33a94e3000-7f33a94e4000 rw-p 00017000 08:05 1049580                    /lib/x86_64-linux-gnu/libnsl-2.19.so
7f33a94e4000-7f33a94e6000 rw-p 00000000 00:00 0 
7f33a94e6000-7f33a94ef000 r-xp 00000000 08:05 1049579                    /lib/x86_64-linux-gnu/libnss_compat-2.19.so
7f33a94ef000-7f33a96ee000 ---p 00009000 08:05 1049579                    /lib/x86_64-linux-gnu/libnss_compat-2.19.so
7f33a96ee000-7f33a96ef000 r--p 00008000 08:05 1049579                    /lib/x86_64-linux-gnu/libnss_compat-2.19.so
7f33a96ef000-7f33a96f0000 rw-p 00009000 08:05 1049579                    /lib/x86_64-linux-gnu/libnss_compat-2.19.so
7f33a96f0000-7f33a971b000 r-xp 00000000 08:05 5551203                    /usr/lib/jvm/java-7-openjdk-amd64/jre/lib/amd64/libjava.so
7f33a971b000-7f33a991b000 ---p 0002b000 08:05 5551203                    /usr/lib/jvm/java-7-openjdk-amd64/jre/lib/amd64/libjava.so
7f33a991b000-7f33a991c000 r--p 0002b000 08:05 5551203                    /usr/lib/jvm/java-7-openjdk-amd64/jre/lib/amd64/libjava.so
7f33a991c000-7f33a991e000 rw-p 0002c000 08:05 5551203                    /usr/lib/jvm/java-7-openjdk-amd64/jre/lib/amd64/libjava.so
7f33a991e000-7f33a992e000 r-xp 00000000 08:05 5551187                    /usr/lib/jvm/java-7-openjdk-amd64/jre/lib/amd64/libverify.so
7f33a992e000-7f33a9b2d000 ---p 00010000 08:05 5551187                    /usr/lib/jvm/java-7-openjdk-amd64/jre/lib/amd64/libverify.so
7f33a9b2d000-7f33a9b2f000 r--p 0000f000 08:05 5551187                    /usr/lib/jvm/java-7-openjdk-amd64/jre/lib/amd64/libverify.so
7f33a9b2f000-7f33a9b30000 rw-p 00011000 08:05 5551187                    /usr/lib/jvm/java-7-openjdk-amd64/jre/lib/amd64/libverify.so
7f33a9b30000-7f33a9b37000 r-xp 00000000 08:05 1049588                    /lib/x86_64-linux-gnu/librt-2.19.so
7f33a9b37000-7f33a9d36000 ---p 00007000 08:05 1049588                    /lib/x86_64-linux-gnu/librt-2.19.so
7f33a9d36000-7f33a9d37000 r--p 00006000 08:05 1049588                    /lib/x86_64-linux-gnu/librt-2.19.so
7f33a9d37000-7f33a9d38000 rw-p 00007000 08:05 1049588                    /lib/x86_64-linux-gnu/librt-2.19.so
7f33a9d38000-7f33a9d4e000 r-xp 00000000 08:05 1050411                    /lib/x86_64-linux-gnu/libgcc_s.so.1
7f33a9d4e000-7f33a9f4d000 ---p 00016000 08:05 1050411                    /lib/x86_64-linux-gnu/libgcc_s.so.1
7f33a9f4d000-7f33a9f4e000 rw-p 00015000 08:05 1050411                    /lib/x86_64-linux-gnu/libgcc_s.so.1
7f33a9f4e000-7f33aa053000 r-xp 00000000 08:05 1048899                    /lib/x86_64-linux-gnu/libm-2.19.so
7f33aa053000-7f33aa252000 ---p 00105000 08:05 1048899                    /lib/x86_64-linux-gnu/libm-2.19.so
7f33aa252000-7f33aa253000 r--p 00104000 08:05 1048899                    /lib/x86_64-linux-gnu/libm-2.19.so
7f33aa253000-7f33aa254000 rw-p 00105000 08:05 1048899                    /lib/x86_64-linux-gnu/libm-2.19.so
7f33aa254000-7f33aa33a000 r-xp 00000000 08:05 5516964                    /usr/lib/x86_64-linux-gnu/libstdc++.so.6.0.19
7f33aa33a000-7f33aa539000 ---p 000e6000 08:05 5516964                    /usr/lib/x86_64-linux-gnu/libstdc++.so.6.0.19
7f33aa539000-7f33aa541000 r--p 000e5000 08:05 5516964                    /usr/lib/x86_64-linux-gnu/libstdc++.so.6.0.19
7f33aa541000-7f33aa543000 rw-p 000ed000 08:05 5516964                    /usr/lib/x86_64-linux-gnu/libstdc++.so.6.0.19
7f33aa543000-7f33aa558000 rw-p 00000000 00:00 0 
7f33aa558000-7f33ab07d000 r-xp 00000000 08:05 5551183                    /usr/lib/jvm/java-7-openjdk-amd64/jre/lib/amd64/server/libjvm.so
7f33ab07d000-7f33ab27d000 ---p 00b25000 08:05 5551183                    /usr/lib/jvm/java-7-openjdk-amd64/jre/lib/amd64/server/libjvm.so
7f33ab27d000-7f33ab317000 r--p 00b25000 08:05 5551183                    /usr/lib/jvm/java-7-openjdk-amd64/jre/lib/amd64/server/libjvm.so
7f33ab317000-7f33ab33a000 rw-p 00bbf000 08:05 5551183                    /usr/lib/jvm/java-7-openjdk-amd64/jre/lib/amd64/server/libjvm.so
7f33ab33a000-7f33ab368000 rw-p 00000000 00:00 0 
7f33ab368000-7f33ab380000 r-xp 00000000 08:05 1052802                    /lib/x86_64-linux-gnu/libz.so.1.2.8
7f33ab380000-7f33ab57f000 ---p 00018000 08:05 1052802                    /lib/x86_64-linux-gnu/libz.so.1.2.8
7f33ab57f000-7f33ab580000 r--p 00017000 08:05 1052802                    /lib/x86_64-linux-gnu/libz.so.1.2.8
7f33ab580000-7f33ab581000 rw-p 00018000 08:05 1052802                    /lib/x86_64-linux-gnu/libz.so.1.2.8
7f33ab581000-7f33ab59a000 r-xp 00000000 08:05 1049581                    /lib/x86_64-linux-gnu/libpthread-2.19.so
7f33ab59a000-7f33ab799000 ---p 00019000 08:05 1049581                    /lib/x86_64-linux-gnu/libpthread-2.19.so
7f33ab799000-7f33ab79a000 r--p 00018000 08:05 1049581                    /lib/x86_64-linux-gnu/libpthread-2.19.so
7f33ab79a000-7f33ab79b000 rw-p 00019000 08:05 1049581                    /lib/x86_64-linux-gnu/libpthread-2.19.so
7f33ab79b000-7f33ab79f000 rw-p 00000000 00:00 0 
7f33ab79f000-7f33ab7a2000 r-xp 00000000 08:05 1049576                    /lib/x86_64-linux-gnu/libdl-2.19.so
7f33ab7a2000-7f33ab9a1000 ---p 00003000 08:05 1049576                    /lib/x86_64-linux-gnu/libdl-2.19.so
7f33ab9a1000-7f33ab9a2000 r--p 00002000 08:05 1049576                    /lib/x86_64-linux-gnu/libdl-2.19.so
7f33ab9a2000-7f33ab9a3000 rw-p 00003000 08:05 1049576                    /lib/x86_64-linux-gnu/libdl-2.19.so
7f33ab9a3000-7f33abb5e000 r-xp 00000000 08:05 1049589                    /lib/x86_64-linux-gnu/libc-2.19.so
7f33abb5e000-7f33abd5d000 ---p 001bb000 08:05 1049589                    /lib/x86_64-linux-gnu/libc-2.19.so
7f33abd5d000-7f33abd61000 r--p 001ba000 08:05 1049589                    /lib/x86_64-linux-gnu/libc-2.19.so
7f33abd61000-7f33abd63000 rw-p 001be000 08:05 1049589                    /lib/x86_64-linux-gnu/libc-2.19.so
7f33abd63000-7f33abd68000 rw-p 00000000 00:00 0 
7f33abd68000-7f33abd75000 r-xp 00000000 08:05 5551177                    /usr/lib/jvm/java-7-openjdk-amd64/jre/lib/amd64/jli/libjli.so
7f33abd75000-7f33abf74000 ---p 0000d000 08:05 5551177                    /usr/lib/jvm/java-7-openjdk-amd64/jre/lib/amd64/jli/libjli.so
7f33abf74000-7f33abf75000 r--p 0000c000 08:05 5551177                    /usr/lib/jvm/java-7-openjdk-amd64/jre/lib/amd64/jli/libjli.so
7f33abf75000-7f33abf76000 rw-p 0000d000 08:05 5551177                    /usr/lib/jvm/java-7-openjdk-amd64/jre/lib/amd64/jli/libjli.so
7f33abf76000-7f33abf99000 r-xp 00000000 08:05 1049582                    /lib/x86_64-linux-gnu/ld-2.19.so
7f33abf99000-7f33abf9a000 rw-p 00000000 00:00 0 
7f33abf9a000-7f33abf9c000 r--s 00012000 08:05 5642046                    /usr/lib/jvm/java-7-openjdk-amd64/jre/lib/ext/zipfs.jar
7f33abf9c000-7f33abf9f000 r--s 0000f000 08:05 5642049                    /usr/lib/jvm/java-7-openjdk-amd64/jre/lib/ext/icedtea-sound.jar
7f33abf9f000-7f33abfa3000 r--s 00085000 08:05 5642044                    /usr/lib/jvm/java-7-openjdk-amd64/jre/lib/ext/localedata.jar
7f33abfa3000-7f33abfa7000 r--s 0003c000 08:05 5642047                    /usr/lib/jvm/java-7-openjdk-amd64/jre/lib/ext/sunpkcs11.jar
7f33abfa7000-7f33abfb1000 rw-p 00000000 00:00 0 
7f33abfb1000-7f33ac067000 rw-p 00000000 00:00 0 
7f33ac067000-7f33ac06a000 ---p 00000000 00:00 0 
7f33ac06a000-7f33ac16d000 rw-p 00000000 00:00 0                          [stack:22817]
7f33ac16d000-7f33ac16f000 r--s 00006000 08:05 5901926                    /usr/share/java/java-atk-wrapper.jar
7f33ac16f000-7f33ac170000 r--s 00002000 08:05 5642048                    /usr/lib/jvm/java-7-openjdk-amd64/jre/lib/ext/dnsns.jar
7f33ac170000-7f33ac174000 r--s 00034000 08:05 5642045                    /usr/lib/jvm/java-7-openjdk-amd64/jre/lib/ext/sunjce_provider.jar
7f33ac174000-7f33ac18c000 rw-p 00000000 00:00 0 
7f33ac18c000-7f33ac194000 rw-s 00000000 08:05 786886                     /tmp/hsperfdata_remiq/22801
7f33ac194000-7f33ac195000 rw-p 00000000 00:00 0 
7f33ac195000-7f33ac196000 ---p 00000000 00:00 0 
7f33ac196000-7f33ac198000 rw-p 00000000 00:00 0 
7f33ac198000-7f33ac199000 r--p 00022000 08:05 1049582                    /lib/x86_64-linux-gnu/ld-2.19.so
7f33ac199000-7f33ac19a000 rw-p 00023000 08:05 1049582                    /lib/x86_64-linux-gnu/ld-2.19.so
7f33ac19a000-7f33ac19b000 rw-p 00000000 00:00 0 
7fffd8749000-7fffd876a000 rw-p 00000000 00:00 0                          [stack]
7fffd878b000-7fffd878d000 r-xp 00000000 00:00 0                          [vdso]
7fffd878d000-7fffd878f000 r--p 00000000 00:00 0                          [vvar]
ffffffffff600000-ffffffffff601000 r-xp 00000000 00:00 0                  [vsyscall]

VM Arguments:
jvm_args: -Djava.awt.headless=true -Xmx1024M -Dfile.encoding=UTF-8 -Duser.country=US -Duser.language=en -Duser.variant 
java_command: com.android.dx.command.Main --dex --num-threads=4 --output /home/remiq/Devel/ForgottenFridge/app/build/intermediates/pre-dexed/release/kotlin-stdlib-1.0.0_e1700b16470979032bedf1d07a33ecfb1ec73d55.jar /home/remiq/.gradle/caches/modules-2/files-2.1/org.jetbrains.kotlin/kotlin-stdlib/1.0.0/2db5ac6eb2746708e77e4c439625f9331c25e766/kotlin-stdlib-1.0.0.jar
Launcher Type: SUN_STANDARD

Environment Variables:
JAVA_HOME=/usr/lib/jvm/java-8-oracle/jre/bin/
PATH=/home/remiq/bin:/usr/local/sbin:/usr/local/bin:/usr/sbin:/usr/bin:/sbin:/bin:/usr/games:/usr/local/games
SHELL=/bin/bash
DISPLAY=:0

Signal Handlers:
SIGSEGV: [libjvm.so+0x955bc0], sa_mask[0]=0x7ffbfeff, sa_flags=0x10000004
SIGBUS: [libjvm.so+0x955bc0], sa_mask[0]=0x7ffbfeff, sa_flags=0x10000004
SIGFPE: [libjvm.so+0x7caff0], sa_mask[0]=0x7ffbfeff, sa_flags=0x10000004
SIGPIPE: [libjvm.so+0x7caff0], sa_mask[0]=0x7ffbfeff, sa_flags=0x10000004
SIGXFSZ: [libjvm.so+0x7caff0], sa_mask[0]=0x7ffbfeff, sa_flags=0x10000004
SIGILL: [libjvm.so+0x7caff0], sa_mask[0]=0x7ffbfeff, sa_flags=0x10000004
SIGUSR1: SIG_DFL, sa_mask[0]=0x00000000, sa_flags=0x00000000
SIGUSR2: [libjvm.so+0x7cae90], sa_mask[0]=0x00000004, sa_flags=0x10000004
SIGHUP: [libjvm.so+0x7cb070], sa_mask[0]=0x7ffbfeff, sa_flags=0x10000004
SIGINT: [libjvm.so+0x7cb070], sa_mask[0]=0x7ffbfeff, sa_flags=0x10000004
SIGTERM: [libjvm.so+0x7cb070], sa_mask[0]=0x7ffbfeff, sa_flags=0x10000004
SIGQUIT: [libjvm.so+0x7cb070], sa_mask[0]=0x7ffbfeff, sa_flags=0x10000004
SIGTRAP: SIG_DFL, sa_mask[0]=0x00000000, sa_flags=0x00000000


---------------  S Y S T E M  ---------------

OS:Ubuntu 14.04 (trusty)
uname:Linux 3.16.0-62-generic #83~14.04.1-Ubuntu SMP Fri Feb 26 22:52:39 UTC 2016 x86_64
libc:glibc 2.19 NPTL 2.19 
rlimit: STACK 8192k, CORE 0k, NPROC 31655, NOFILE 4096, AS infinity
load average:7,91 2,97 2,04

/proc/meminfo:
MemTotal:        8133644 kB
MemFree:          139152 kB
MemAvailable:     100376 kB
Buffers:             556 kB
Cached:           146968 kB
SwapCached:            0 kB
Active:          7326464 kB
Inactive:         121772 kB
Active(anon):    7310464 kB
Inactive(anon):   110880 kB
Active(file):      16000 kB
Inactive(file):    10892 kB
Unevictable:          52 kB
Mlocked:              52 kB
SwapTotal:             0 kB
SwapFree:              0 kB
Dirty:               120 kB
Writeback:             0 kB
AnonPages:       7305952 kB
Mapped:           143940 kB
Shmem:            114612 kB
Slab:             140712 kB
SReclaimable:      64492 kB
SUnreclaim:        76220 kB
KernelStack:       19104 kB
PageTables:        64132 kB
NFS_Unstable:          0 kB
Bounce:                0 kB
WritebackTmp:          0 kB
CommitLimit:     4066820 kB
Committed_AS:   15521376 kB
VmallocTotal:   34359738367 kB
VmallocUsed:      148744 kB
VmallocChunk:   34359482912 kB
HardwareCorrupted:     0 kB
AnonHugePages:   2811904 kB
HugePages_Total:       0
HugePages_Free:        0
HugePages_Rsvd:        0
HugePages_Surp:        0
Hugepagesize:       2048 kB
DirectMap4k:      807472 kB
DirectMap2M:     7538688 kB


CPU:total 8 (4 cores per cpu, 2 threads per core) family 6 model 58 stepping 9, cmov, cx8, fxsr, mmx, sse, sse2, sse3, ssse3, sse4.1, sse4.2, popcnt, avx, aes, erms, ht, tsc, tscinvbit, tscinv

/proc/cpuinfo:
processor	: 0
vendor_id	: GenuineIntel
cpu family	: 6
model		: 58
model name	: Intel(R) Core(TM) i7-3770 CPU @ 3.40GHz
stepping	: 9
microcode	: 0x12
cpu MHz		: 3700.023
cache size	: 8192 KB
physical id	: 0
siblings	: 8
core id		: 0
cpu cores	: 4
apicid		: 0
initial apicid	: 0
fpu		: yes
fpu_exception	: yes
cpuid level	: 13
wp		: yes
flags		: fpu vme de pse tsc msr pae mce cx8 apic sep mtrr pge mca cmov pat pse36 clflush dts acpi mmx fxsr sse sse2 ss ht tm pbe syscall nx rdtscp lm constant_tsc arch_perfmon pebs bts rep_good nopl xtopology nonstop_tsc aperfmperf eagerfpu pni pclmulqdq dtes64 monitor ds_cpl vmx smx est tm2 ssse3 cx16 xtpr pdcm pcid sse4_1 sse4_2 x2apic popcnt tsc_deadline_timer aes xsave avx f16c rdrand lahf_lm ida arat epb xsaveopt pln pts dtherm tpr_shadow vnmi flexpriority ept vpid fsgsbase smep erms
bogomips	: 6806.58
clflush size	: 64
cache_alignment	: 64
address sizes	: 36 bits physical, 48 bits virtual
power management:

processor	: 1
vendor_id	: GenuineIntel
cpu family	: 6
model		: 58
model name	: Intel(R) Core(TM) i7-3770 CPU @ 3.40GHz
stepping	: 9
microcode	: 0x12
cpu MHz		: 3700.023
cache size	: 8192 KB
physical id	: 0
siblings	: 8
core id		: 1
cpu cores	: 4
apicid		: 2
initial apicid	: 2
fpu		: yes
fpu_exception	: yes
cpuid level	: 13
wp		: yes
flags		: fpu vme de pse tsc msr pae mce cx8 apic sep mtrr pge mca cmov pat pse36 clflush dts acpi mmx fxsr sse sse2 ss ht tm pbe syscall nx rdtscp lm constant_tsc arch_perfmon pebs bts rep_good nopl xtopology nonstop_tsc aperfmperf eagerfpu pni pclmulqdq dtes64 monitor ds_cpl vmx smx est tm2 ssse3 cx16 xtpr pdcm pcid sse4_1 sse4_2 x2apic popcnt tsc_deadline_timer aes xsave avx f16c rdrand lahf_lm ida arat epb xsaveopt pln pts dtherm tpr_shadow vnmi flexpriority ept vpid fsgsbase smep erms
bogomips	: 6806.58
clflush size	: 64
cache_alignment	: 64
address sizes	: 36 bits physical, 48 bits virtual
power management:

processor	: 2
vendor_id	: GenuineIntel
cpu family	: 6
model		: 58
model name	: Intel(R) Core(TM) i7-3770 CPU @ 3.40GHz
stepping	: 9
microcode	: 0x12
cpu MHz		: 3700.023
cache size	: 8192 KB
physical id	: 0
siblings	: 8
core id		: 2
cpu cores	: 4
apicid		: 4
initial apicid	: 4
fpu		: yes
fpu_exception	: yes
cpuid level	: 13
wp		: yes
flags		: fpu vme de pse tsc msr pae mce cx8 apic sep mtrr pge mca cmov pat pse36 clflush dts acpi mmx fxsr sse sse2 ss ht tm pbe syscall nx rdtscp lm constant_tsc arch_perfmon pebs bts rep_good nopl xtopology nonstop_tsc aperfmperf eagerfpu pni pclmulqdq dtes64 monitor ds_cpl vmx smx est tm2 ssse3 cx16 xtpr pdcm pcid sse4_1 sse4_2 x2apic popcnt tsc_deadline_timer aes xsave avx f16c rdrand lahf_lm ida arat epb xsaveopt pln pts dtherm tpr_shadow vnmi flexpriority ept vpid fsgsbase smep erms
bogomips	: 6806.58
clflush size	: 64
cache_alignment	: 64
address sizes	: 36 bits physical, 48 bits virtual
power management:

processor	: 3
vendor_id	: GenuineIntel
cpu family	: 6
model		: 58
model name	: Intel(R) Core(TM) i7-3770 CPU @ 3.40GHz
stepping	: 9
microcode	: 0x12
cpu MHz		: 3700.023
cache size	: 8192 KB
physical id	: 0
siblings	: 8
core id		: 3
cpu cores	: 4
apicid		: 6
initial apicid	: 6
fpu		: yes
fpu_exception	: yes
cpuid level	: 13
wp		: yes
flags		: fpu vme de pse tsc msr pae mce cx8 apic sep mtrr pge mca cmov pat pse36 clflush dts acpi mmx fxsr sse sse2 ss ht tm pbe syscall nx rdtscp lm constant_tsc arch_perfmon pebs bts rep_good nopl xtopology nonstop_tsc aperfmperf eagerfpu pni pclmulqdq dtes64 monitor ds_cpl vmx smx est tm2 ssse3 cx16 xtpr pdcm pcid sse4_1 sse4_2 x2apic popcnt tsc_deadline_timer aes xsave avx f16c rdrand lahf_lm ida arat epb xsaveopt pln pts dtherm tpr_shadow vnmi flexpriority ept vpid fsgsbase smep erms
bogomips	: 6806.58
clflush size	: 64
cache_alignment	: 64
address sizes	: 36 bits physical, 48 bits virtual
power management:

processor	: 4
vendor_id	: GenuineIntel
cpu family	: 6
model		: 58
model name	: Intel(R) Core(TM) i7-3770 CPU @ 3.40GHz
stepping	: 9
microcode	: 0x12
cpu MHz		: 3700.023
cache size	: 8192 KB
physical id	: 0
siblings	: 8
core id		: 0
cpu cores	: 4
apicid		: 1
initial apicid	: 1
fpu		: yes
fpu_exception	: yes
cpuid level	: 13
wp		: yes
flags		: fpu vme de pse tsc msr pae mce cx8 apic sep mtrr pge mca cmov pat pse36 clflush dts acpi mmx fxsr sse sse2 ss ht tm pbe syscall nx rdtscp lm constant_tsc arch_perfmon pebs bts rep_good nopl xtopology nonstop_tsc aperfmperf eagerfpu pni pclmulqdq dtes64 monitor ds_cpl vmx smx est tm2 ssse3 cx16 xtpr pdcm pcid sse4_1 sse4_2 x2apic popcnt tsc_deadline_timer aes xsave avx f16c rdrand lahf_lm ida arat epb xsaveopt pln pts dtherm tpr_shadow vnmi flexpriority ept vpid fsgsbase smep erms
bogomips	: 6806.58
clflush size	: 64
cache_alignment	: 64
address sizes	: 36 bits physical, 48 bits virtual
power management:

processor	: 5
vendor_id	: GenuineIntel
cpu family	: 6
model		: 58
model name	: Intel(R) Core(TM) i7-3770 CPU @ 3.40GHz
stepping	: 9
microcode	: 0x12
cpu MHz		: 3700.023
cache size	: 8192 KB
physical id	: 0
siblings	: 8
core id		: 1
cpu cores	: 4
apicid		: 3
initial apicid	: 3
fpu		: yes
fpu_exception	: yes
cpuid level	: 13
wp		: yes
flags		: fpu vme de pse tsc msr pae mce cx8 apic sep mtrr pge mca cmov pat pse36 clflush dts acpi mmx fxsr sse sse2 ss ht tm pbe syscall nx rdtscp lm constant_tsc arch_perfmon pebs bts rep_good nopl xtopology nonstop_tsc aperfmperf eagerfpu pni pclmulqdq dtes64 monitor ds_cpl vmx smx est tm2 ssse3 cx16 xtpr pdcm pcid sse4_1 sse4_2 x2apic popcnt tsc_deadline_timer aes xsave avx f16c rdrand lahf_lm ida arat epb xsaveopt pln pts dtherm tpr_shadow vnmi flexpriority ept vpid fsgsbase smep erms
bogomips	: 6806.58
clflush size	: 64
cache_alignment	: 64
address sizes	: 36 bits physical, 48 bits virtual
power management:

processor	: 6
vendor_id	: GenuineIntel
cpu family	: 6
model		: 58
model name	: Intel(R) Core(TM) i7-3770 CPU @ 3.40GHz
stepping	: 9
microcode	: 0x12
cpu MHz		: 3700.023
cache size	: 8192 KB
physical id	: 0
siblings	: 8
core id		: 2
cpu cores	: 4
apicid		: 5
initial apicid	: 5
fpu		: yes
fpu_exception	: yes
cpuid level	: 13
wp		: yes
flags		: fpu vme de pse tsc msr pae mce cx8 apic sep mtrr pge mca cmov pat pse36 clflush dts acpi mmx fxsr sse sse2 ss ht tm pbe syscall nx rdtscp lm constant_tsc arch_perfmon pebs bts rep_good nopl xtopology nonstop_tsc aperfmperf eagerfpu pni pclmulqdq dtes64 monitor ds_cpl vmx smx est tm2 ssse3 cx16 xtpr pdcm pcid sse4_1 sse4_2 x2apic popcnt tsc_deadline_timer aes xsave avx f16c rdrand lahf_lm ida arat epb xsaveopt pln pts dtherm tpr_shadow vnmi flexpriority ept vpid fsgsbase smep erms
bogomips	: 6806.58
clflush size	: 64
cache_alignment	: 64
address sizes	: 36 bits physical, 48 bits virtual
power management:

processor	: 7
vendor_id	: GenuineIntel
cpu family	: 6
model		: 58
model name	: Intel(R) Core(TM) i7-3770 CPU @ 3.40GHz
stepping	: 9
microcode	: 0x12
cpu MHz		: 3700.023
cache size	: 8192 KB
physical id	: 0
siblings	: 8
core id		: 3
cpu cores	: 4
apicid		: 7
initial apicid	: 7
fpu		: yes
fpu_exception	: yes
cpuid level	: 13
wp		: yes
flags		: fpu vme de pse tsc msr pae mce cx8 apic sep mtrr pge mca cmov pat pse36 clflush dts acpi mmx fxsr sse sse2 ss ht tm pbe syscall nx rdtscp lm constant_tsc arch_perfmon pebs bts rep_good nopl xtopology nonstop_tsc aperfmperf eagerfpu pni pclmulqdq dtes64 monitor ds_cpl vmx smx est tm2 ssse3 cx16 xtpr pdcm pcid sse4_1 sse4_2 x2apic popcnt tsc_deadline_timer aes xsave avx f16c rdrand lahf_lm ida arat epb xsaveopt pln pts dtherm tpr_shadow vnmi flexpriority ept vpid fsgsbase smep erms
bogomips	: 6806.58
clflush size	: 64
cache_alignment	: 64
address sizes	: 36 bits physical, 48 bits virtual
power management:



Memory: 4k page, physical 8133644k(143232k free), swap 0k(0k free)

vm_info: OpenJDK 64-Bit Server VM (24.95-b01) for linux-amd64 JRE (1.7.0_95-b00), built on Jan 21 2016 03:31:40 by "buildd" with gcc 4.8.4

time: Mon Mar  7 03:46:51 2016
elapsed time: 13 seconds

